<?xml version="1.0" ?>
<!DOCTYPE coverage
  SYSTEM 'http://cobertura.sourceforge.net/xml/coverage-03.dtd'>
<coverage branch-rate="0" line-rate="0.05479" timestamp="1451749035891" version="3.7.1">
	<!-- Generated by coverage.py: http://nedbatchelder.com/code/coverage -->
	<packages>
		<package branch-rate="0" complexity="0" line-rate="0.05479" name="">
			<classes>
				<class branch-rate="0" complexity="0" filename="tests/test_linkedin_api.py" line-rate="0.05479" name="tests/test_linkedin_api">
					<methods/>
					<lines>
						<line hits="1" number="4"/>
						<line hits="1" number="5"/>
						<line hits="1" number="6"/>
						<line hits="1" number="8"/>
						<line hits="0" number="10"/>
						<line hits="0" number="11"/>
						<line hits="0" number="14"/>
						<line hits="0" number="16"/>
						<line hits="0" number="18"/>
						<line hits="0" number="20"/>
						<line hits="0" number="22"/>
						<line hits="0" number="24"/>
						<line hits="0" number="26"/>
						<line hits="0" number="28"/>
						<line hits="0" number="30"/>
						<line hits="0" number="32"/>
						<line hits="0" number="33"/>
						<line hits="0" number="34"/>
						<line hits="0" number="36"/>
						<line hits="0" number="39"/>
						<line hits="0" number="51"/>
						<line hits="0" number="56"/>
						<line hits="0" number="57"/>
						<line hits="0" number="58"/>
						<line hits="0" number="60"/>
						<line hits="0" number="62"/>
						<line hits="0" number="79"/>
						<line hits="0" number="84"/>
						<line hits="0" number="85"/>
						<line hits="0" number="86"/>
						<line hits="0" number="88"/>
						<line hits="0" number="90"/>
						<line hits="0" number="100"/>
						<line hits="0" number="106"/>
						<line hits="0" number="107"/>
						<line hits="0" number="109"/>
						<line hits="0" number="112"/>
						<line hits="0" number="114"/>
						<line hits="0" number="122"/>
						<line hits="0" number="128"/>
						<line hits="0" number="130"/>
						<line hits="0" number="131"/>
						<line hits="0" number="133"/>
						<line hits="0" number="135"/>
						<line hits="0" number="145"/>
						<line hits="0" number="151"/>
						<line hits="0" number="152"/>
						<line hits="0" number="155"/>
						<line hits="0" number="158"/>
						<line hits="0" number="160"/>
						<line hits="0" number="165"/>
						<line hits="0" number="171"/>
						<line hits="0" number="172"/>
						<line hits="0" number="173"/>
						<line hits="0" number="174"/>
						<line hits="0" number="176"/>
						<line hits="0" number="178"/>
						<line hits="0" number="183"/>
						<line hits="0" number="189"/>
						<line hits="0" number="190"/>
						<line hits="0" number="191"/>
						<line hits="0" number="192"/>
						<line hits="0" number="194"/>
						<line hits="0" number="196"/>
						<line hits="0" number="204"/>
						<line hits="0" number="210"/>
						<line hits="0" number="211"/>
						<line hits="0" number="212"/>
						<line hits="0" number="214"/>
						<line hits="0" number="217"/>
						<line hits="0" number="219"/>
						<line hits="0" number="221"/>
						<line hits="0" number="223"/>
					</lines>
				</class>
			</classes>
		</package>
	</packages>
</coverage>
